<?xml version="1.0" encoding="UTF-8" ?>
<testsuite errors="0" failures="0" name="gov.nih.nci.wms.tests.PackageTests" tests="3" time="8.022">
  <properties>
    <property name="file.encoding.pkg" value="sun.io"></property>
    <property name="env.PROMPT" value="$P$G"></property>
    <property name="java.home" value="C:\Program Files\Java\jdk1.5.0_06\jre"></property>
    <property name="test.src.dir" value="test/src"></property>
    <property name="env.DISPLAY" value="127.0.0.1:0.0"></property>
    <property name="cygwin.user.home" value="c:/Documents and Settings/madduri"></property>
    <property name="java.endorsed.dirs" value="C:\Program Files\Java\jdk1.5.0_06\jre\lib\endorsed"></property>
    <property name="env.LOGNAME" value="madduri"></property>
    <property name="env.USERNAME" value="madduri"></property>
    <property name="src.dir" value="src"></property>
    <property name="ext.globus.dir" value="C:\cygdrive\c\globus\install"></property>
    <property name="sun.os.patch.level" value="Service Pack 2"></property>
    <property name="tomcat.common.lib.dir" value="C:\dev\jakarta-tomcat-5.0.30/common/lib"></property>
    <property name="java.vendor.url" value="http://java.sun.com/"></property>
    <property name="env.COMPUTERNAME" value="MCS00096B5FB153"></property>
    <property name="env.PRINTER" value="\\ntprint\lw16-SS-PCL"></property>
    <property name="java.version" value="1.5.0_06"></property>
    <property name="env.XTERM_VERSION" value="Cygwin 6.8.2.0(202)"></property>
    <property name="java.vendor.url.bug" value="http://java.sun.com/cgi-bin/bugreport.cgi"></property>
    <property name="env.USERPROFILE" value="C:\Documents and Settings\madduri"></property>
    <property name="introduce.skeleton.namespace.domain" value="http://workflow.cagrid.nci.nih.gov/wms"></property>
    <property name="test.lib.dir" value="test/lib"></property>
    <property name="introduce.ns.excludes" value=""></property>
    <property name="user.name" value="madduri"></property>
    <property name="env.CVS_RSH" value="/bin/ssh"></property>
    <property name="tomcat.deploy.lib.dir" value="C:\dev\jakarta-tomcat-5.0.30/webapps/wsrf/WEB-INF/lib"></property>
    <property name="sun.io.unicode.encoding" value="UnicodeLittle"></property>
    <property name="sun.jnu.encoding" value="Cp1252"></property>
    <property name="java.runtime.name" value="Java(TM) 2 Runtime Environment, Standard Edition"></property>
    <property name="schema.dest" value="C:\test\cagrid-1-0\caGrid\projects\workflow\WorkflowManagementService\build\schema"></property>
    <property name="lib.dir" value="lib"></property>
    <property name="java.specification.name" value="Java Platform API Specification"></property>
    <property name="test.jar.name" value="WorkflowManagementService-tests.jar"></property>
    <property name="user.timezone" value=""></property>
    <property name="path.separator" value=";"></property>
    <property name="client.jar.name" value="WorkflowManagementService-client.jar"></property>
    <property name="env.PROCESSOR_IDENTIFIER" value="x86 Family 6 Model 9 Stepping 5, GenuineIntel"></property>
    <property name="env.XTERM_SHELL" value="/bin/bash"></property>
    <property name="file.encoding" value="Cp1252"></property>
    <property name="junit.results.dir" value="test/logs/junit"></property>
    <property name="env.HOME" value="c:\Documents and Settings\madduri"></property>
    <property name="env.MANPATH" value="/usr/local/man:/usr/share/man:/usr/man::/usr/ssl/man"></property>
    <property name="env.NUMBER_OF_PROCESSORS" value="1"></property>
    <property name="env.APPDATA" value="C:\Documents and Settings\madduri\Application Data"></property>
    <property name="ant.file" value="C:\test\cagrid-1-0\caGrid\projects\workflow\WorkflowManagementService\build.xml"></property>
    <property name="env.WINDIR" value="C:\WINDOWS"></property>
    <property name="env.QTJAVA" value="C:\Program Files\Java\jre1.5.0_06\lib\ext\QTJava.zip"></property>
    <property name="env.HOSTNAME" value="mcs00096b5fb153"></property>
    <property name="test.log.dir" value="test/logs"></property>
    <property name="service.deployment.path" value="cagrid/WorkflowManagementService"></property>
    <property name="java.io.tmpdir" value="c:\DOCUME~1\madduri\LOCALS~1\Temp\"></property>
    <property name="user.language" value="en"></property>
    <property name="line.separator" value="
"></property>
    <property name="garjars.id" value="garjars"></property>
    <property name="java.debug" value="on"></property>
    <property name="ant.file.build-deploy file" value="C:\test\cagrid-1-0\caGrid\projects\workflow\WorkflowManagementService\build-deploy.xml"></property>
    <property name="introduce.skeleton.service.name" value="WorkflowManagementService"></property>
    <property name="env.COMMONPROGRAMFILES" value="C:\Program Files\Common Files"></property>
    <property name="schema.src" value="C:\cygdrive\c\globus\install\share\schema"></property>
    <property name="java.vm.info" value="mixed mode, sharing"></property>
    <property name="sun.desktop" value="windows"></property>
    <property name="java.vm.specification.name" value="Java Virtual Machine Specification"></property>
    <property name="ant.file.null" value="C:\test\cagrid-1-0\caGrid\projects\workflow\build.xml"></property>
    <property name="common.jar.name" value="WorkflowManagementService-common.jar"></property>
    <property name="env.PATHEXT" value=".COM;.EXE;.BAT;.CMD;.VBS;.VBE;.JS;.JSE;.WSF;.WSH"></property>
    <property name="build.stubs" value="C:\cygdrive\c\globus\install\share\globus_wsrf_tools\build-stubs.xml"></property>
    <property name="env.LOGONSERVER" value="\\WILDCAT"></property>
    <property name="introduce.skeleton.timestamp" value="1150426409331"></property>
    <property name="stubs.src" value="C:\test\cagrid-1-0\caGrid\projects\workflow\WorkflowManagementService\build\stubs-WorkflowManagementService\src"></property>
    <property name="java.awt.printerjob" value="sun.awt.windows.WPrinterJob"></property>
    <property name="build.dest" value="C:\test\cagrid-1-0\caGrid\projects\workflow\WorkflowManagementService\build\classes"></property>
    <property name="test.build.dest" value="C:\test\cagrid-1-0\caGrid\projects\workflow\WorkflowManagementService\build/test/classes"></property>
    <property name="ant.version" value="Apache Ant version 1.6.2 compiled on July 16 2004"></property>
    <property name="env.USERDOMAIN" value="MCS"></property>
    <property name="env.WINDOWID" value="2097166"></property>
    <property name="env.PROCESSOR_LEVEL" value="6"></property>
    <property name="os.name" value="Windows XP"></property>
    <property name="java.specification.vendor" value="Sun Microsystems Inc."></property>
    <property name="stubs.dest" value="C:\test\cagrid-1-0\caGrid\projects\workflow\WorkflowManagementService\build\stubs-WorkflowManagementService\classes"></property>
    <property name="env.TMP" value="c:\DOCUME~1\madduri\LOCALS~1\Temp"></property>
    <property name="env.TERM" value="xterm"></property>
    <property name="java.vm.name" value="Java HotSpot(TM) Client VM"></property>
    <property name="service.properties.file" value="service.properties"></property>
    <property name="env.OS" value="Windows_NT"></property>
    <property name="gar.name" value="WorkflowManagementService.gar"></property>
    <property name="java.library.path" value="C:\Program Files\Java\jdk1.5.0_06\jre\bin;.;C:\WINDOWS\system32;C:\WINDOWS;C:\cygwin\usr\local\bin;C:\cygwin\bin;C:\cygwin\bin;C:\cygwin\usr\X11R6\bin;c:\Program Files\Java\jdk1.5.0_06\bin;c:\apache-ant-1.6.2\bin;c:\Program Files\ThinkPad\Utilities;c:\WINDOWS\system32;c:\WINDOWS;c:\WINDOWS\System32\Wbem;c:\Program Files\ATI Technologies\ATI Control Panel;c:\Program Files\SecureCRT\;c:\Program Files\IBM ThinkVantage\Client Security Solution;c:\Program Files\Intel\Wireless\Bin\;c:\Documents and Settings\madduri\Desktop\maven-2.0.4\bin;c:\Program Files\Microsoft Command Shell\;c:\Maven\bin;c:\Program Files\QuickTime\QTSystem\;c:\Program Files\MySQL\MySQL Server 4.1\bin;C:\cygwin\usr\X11R6\bin;C:\cygwin\usr\X11R6\bin"></property>
    <property name="env.PATH" value="C:\cygwin\usr\local\bin;C:\cygwin\bin;C:\cygwin\bin;C:\cygwin\usr\X11R6\bin;c:\Program Files\Java\jdk1.5.0_06\bin;c:\apache-ant-1.6.2\bin;c:\Program Files\ThinkPad\Utilities;c:\WINDOWS\system32;c:\WINDOWS;c:\WINDOWS\System32\Wbem;c:\Program Files\ATI Technologies\ATI Control Panel;c:\Program Files\SecureCRT\;c:\Program Files\IBM ThinkVantage\Client Security Solution;c:\Program Files\Intel\Wireless\Bin\;c:\Documents and Settings\madduri\Desktop\maven-2.0.4\bin;c:\Program Files\Microsoft Command Shell\;c:\Maven\bin;c:\Program Files\QuickTime\QTSystem\;c:\Program Files\MySQL\MySQL Server 4.1\bin;C:\cygwin\usr\X11R6\bin;C:\cygwin\usr\X11R6\bin"></property>
    <property name="ant.java.version" value="1.5"></property>
    <property name="env.INFOPATH" value="/usr/local/info:/usr/share/info:/usr/info:"></property>
    <property name="basedir" value="C:\test\cagrid-1-0\caGrid\projects\workflow\WorkflowManagementService"></property>
    <property name="java.class.version" value="49.0"></property>
    <property name="env.SHLVL" value="1"></property>
    <property name="ant.home" value="c:/apache-ant-1.6.2"></property>
    <property name="introduce.skeleton.services.list" value="WorkflowManagementService"></property>
    <property name="tomcat.wsrf.schema.dir" value="C:\dev\jakarta-tomcat-5.0.30/webapps/wsrf/share/schema"></property>
    <property name="ext.test.lib.dir" value="ext/test/lib"></property>
    <property name="env.HOMEDRIVE" value="C:"></property>
    <property name="env.HOMESHARE" value="\\wildcat\nt-homes001"></property>
    <property name="service.deployment.prefix" value="cagrid"></property>
    <property name="env.SYSTEMROOT" value="C:\WINDOWS"></property>
    <property name="env.COMSPEC" value="C:\WINDOWS\system32\cmd.exe"></property>
    <property name="build.packages" value="C:\cygdrive\c\globus\install\share\globus_wsrf_common\build-packages.xml"></property>
    <property name="sun.boot.library.path" value="C:\Program Files\Java\jdk1.5.0_06\jre\bin"></property>
    <property name="build.dir" value="C:\test\cagrid-1-0\caGrid\projects\workflow\WorkflowManagementService\build"></property>
    <property name="env.SYSTEMDRIVE" value="C:"></property>
    <property name="env.PROCESSOR_REVISION" value="0905"></property>
    <property name="sun.management.compiler" value="HotSpot Client Compiler"></property>
    <property name="java.awt.graphicsenv" value="sun.awt.Win32GraphicsEnvironment"></property>
    <property name="user.variant" value=""></property>
    <property name="stubs.jar.name" value="WorkflowManagementService_stubs.jar"></property>
    <property name="env.USER" value="madduri"></property>
    <property name="env.AESAMPLES_LIB" value="C:\dev\activebpel-2.0.0\samples\lib"></property>
    <property name="ant.project.name" value="Introduce Build File"></property>
    <property name="schema.dir" value="schema"></property>
    <property name="GT4.ns.excludes" value="-x http://docs.oasis-open.org/wsrf/2004/06/wsrf-WS-BaseFaults-1.2-draft-01.xsd -x http://docs.oasis-open.org/wsrf/2004/06/wsrf-WS-BaseFaults-1.2-draft-01.wsdl -x http://docs.oasis-open.org/wsrf/2004/06/wsrf-WS-ResourceLifetime-1.2-draft-01.xsd -x http://docs.oasis-open.org/wsrf/2004/06/wsrf-WS-ResourceLifetime-1.2-draft-01.wsdl -x http://docs.oasis-open.org/wsrf/2004/06/wsrf-WS-ResourceProperties-1.2-draft-01.xsd -x http://docs.oasis-open.org/wsrf/2004/06/wsrf-WS-ResourceProperties-1.2-draft-01.wsdl -x http://docs.oasis-open.org/wsrf/2004/06/wsrf-WS-ServiceGroup-1.2-draft-01.xsd -x http://docs.oasis-open.org/wsrf/2004/06/wsrf-WS-ServiceGroup-1.2-draft-01.wsdl -x http://docs.oasis-open.org/wsn/2004/06/wsn-WS-BaseNotification-1.2-draft-01.xsd -x http://docs.oasis-open.org/wsn/2004/06/wsn-WS-BaseNotification-1.2-draft-01.wsdl -x http://schemas.xmlsoap.org/ws/2004/04/trust -x http://schemas.xmlsoap.org/ws/2002/12/policy -x http://schemas.xmlsoap.org/ws/2002/07/utility -x http://schemas.xmlsoap.org/ws/2004/04/sc -x http://docs.oasis-open.org/wss/2004/01/oasis-200401-wss-wssecurity-secext-1.0.xsd -x http://www.w3.org/2000/09/xmldsig# -x http://docs.oasis-open.org/wss/2004/01/oasis-200401-wss-wssecurity-utility-1.0.xsd"></property>
    <property name="introduce.skeleton.destination.dir" value="C:\test\cagrid-1-0\caGrid\projects\workflow\WorkflowManagementService"></property>
    <property name="env.PROGRAMFILES" value="C:\Program Files"></property>
    <property name="java.vm.specification.version" value="1.0"></property>
    <property name="env.GLOBUS_LOCATION" value="C:\cygdrive\c\globus\install"></property>
    <property name="awt.toolkit" value="sun.awt.windows.WToolkit"></property>
    <property name="introduce.skeleton.extensions" value=""></property>
    <property name="build.lib.dir" value="C:\test\cagrid-1-0\caGrid\projects\workflow\WorkflowManagementService\build\lib"></property>
    <property name="env.MAVEN_HOME" value="c:\Maven"></property>
    <property name="sun.cpu.isalist" value="pentium_pro+mmx pentium_pro pentium+mmx pentium i486 i386 i86"></property>
    <property name="java.ext.dirs" value="C:\Program Files\Java\jdk1.5.0_06\jre\lib\ext"></property>
    <property name="garschema.id" value="garschema"></property>
    <property name="os.version" value="5.1"></property>
    <property name="user.home" value="C:\Documents and Settings\madduri"></property>
    <property name="java.vm.vendor" value="Sun Microsystems Inc."></property>
    <property name="mappings.file" value="C:\test\cagrid-1-0\caGrid\projects\workflow\WorkflowManagementService/namespace2package.mappings"></property>
    <property name="garetc.id" value="garetc"></property>
    <property name="ant.file.Introduce Build File" value="C:\test\cagrid-1-0\caGrid\projects\workflow\WorkflowManagementService\build.xml"></property>
    <property name="env.USERDNSDOMAIN" value="MCS.ANL.GOV"></property>
    <property name="env.JAVA_HOME" value="c:/Program Files/Java/jdk1.5.0_06"></property>
    <property name="stubs.dir" value="C:\test\cagrid-1-0\caGrid\projects\workflow\WorkflowManagementService\build\stubs-WorkflowManagementService"></property>
    <property name="user.dir" value="C:\test\cagrid-1-0\caGrid\projects\workflow\WorkflowManagementService"></property>
    <property name="schema.path" value="WorkflowManagementService"></property>
    <property name="stubs.present" value="true"></property>
    <property name="env.PWD" value="/cygdrive/c/test/cagrid-1-0/caGrid/projects/workflow"></property>
    <property name="env.FP_NO_HOST_CHECK" value="NO"></property>
    <property name="env.TVT" value="C:\Program Files\IBM ThinkVantage"></property>
    <property name="test.dir" value="test"></property>
    <property name="tomcat.dir" value="C:\dev\jakarta-tomcat-5.0.30"></property>
    <property name="sun.cpu.endian" value="little"></property>
    <property name="env.ALLUSERSPROFILE" value="C:\Documents and Settings\All Users"></property>
    <property name="env.MAKE_MODE" value="unix"></property>
    <property name="env.PROCESSOR_ARCHITECTURE" value="x86"></property>
    <property name="java.vm.version" value="1.5.0_06-b05"></property>
    <property name="env.HOMEPATH" value="\Documents and Settings\madduri"></property>
    <property name="java.class.path" value="C:\test\cagrid-1-0\caGrid\projects\workflow\WorkflowManagementService\build\test\classes;C:\test\cagrid-1-0\caGrid\projects\workflow\WorkflowManagementService\build\classes;C:\test\cagrid-1-0\caGrid\projects\workflow\WorkflowManagementService\build\stubs-WorkflowManagementService\classes;C:\test\cagrid-1-0\caGrid\projects\workflow\WorkflowManagementService\lib\abadmin.jar;C:\test\cagrid-1-0\caGrid\projects\workflow\WorkflowManagementService\lib\ant-contrib.jar;C:\test\cagrid-1-0\caGrid\projects\workflow\WorkflowManagementService\lib\caGrid-core-1.0.jar;C:\test\cagrid-1-0\caGrid\projects\workflow\WorkflowManagementService\lib\globus_wsrf_mds_aggregator.jar;C:\test\cagrid-1-0\caGrid\projects\workflow\WorkflowManagementService\lib\globus_wsrf_mds_aggregator_stubs.jar;C:\test\cagrid-1-0\caGrid\projects\workflow\WorkflowManagementService\lib\globus_wsrf_servicegroup.jar;C:\test\cagrid-1-0\caGrid\projects\workflow\WorkflowManagementService\lib\globus_wsrf_servicegroup_stubs.jar;C:\cygdrive\c\globus\install\lib\GlobalModelExchange.jar;C:\cygdrive\c\globus\install\lib\SampleService1-client.jar;C:\cygdrive\c\globus\install\lib\SampleService1-common.jar;C:\cygdrive\c\globus\install\lib\SampleService1-service.jar;C:\cygdrive\c\globus\install\lib\SampleService1-tests.jar;C:\cygdrive\c\globus\install\lib\SampleService1_stubs.jar;C:\cygdrive\c\globus\install\lib\SampleService2-client.jar;C:\cygdrive\c\globus\install\lib\SampleService2-common.jar;C:\cygdrive\c\globus\install\lib\SampleService2-service.jar;C:\cygdrive\c\globus\install\lib\SampleService2-tests.jar;C:\cygdrive\c\globus\install\lib\SampleService2_stubs.jar;C:\cygdrive\c\globus\install\lib\SecureSample-client.jar;C:\cygdrive\c\globus\install\lib\SecureSample-common.jar;C:\cygdrive\c\globus\install\lib\SecureSample-service.jar;C:\cygdrive\c\globus\install\lib\SecureSample-tests.jar;C:\cygdrive\c\globus\install\lib\SecureSample_stubs.jar;C:\cygdrive\c\globus\install\lib\SimpleSecureService-client.jar;C:\cygdrive\c\globus\install\lib\SimpleSecureService-common.jar;C:\cygdrive\c\globus\install\lib\SimpleSecureService-service.jar;C:\cygdrive\c\globus\install\lib\SimpleSecureService-tests.jar;C:\cygdrive\c\globus\install\lib\SimpleSecureService_stubs.jar;C:\cygdrive\c\globus\install\lib\WorkFlowManagementService-client.jar;C:\cygdrive\c\globus\install\lib\WorkFlowManagementService-common.jar;C:\cygdrive\c\globus\install\lib\WorkFlowManagementService-service.jar;C:\cygdrive\c\globus\install\lib\WorkFlowManagementService-tests.jar;C:\cygdrive\c\globus\install\lib\WorkFlowManagementService_stubs.jar;C:\cygdrive\c\globus\install\lib\abadmin.jar;C:\cygdrive\c\globus\install\lib\addressing-1.0.jar;C:\cygdrive\c\globus\install\lib\ae_rt.jar;C:\cygdrive\c\globus\install\lib\ae_rtbpel.jar;C:\cygdrive\c\globus\install\lib\ae_rtbpelsvr.jar;C:\cygdrive\c\globus\install\lib\ant-contrib.jar;C:\cygdrive\c\globus\install\lib\axis-url.jar;C:\cygdrive\c\globus\install\lib\axis.jar;C:\cygdrive\c\globus\install\lib\bootstrap.jar;C:\cygdrive\c\globus\install\lib\caGrid-GlobalModelExchange.jar;C:\cygdrive\c\globus\install\lib\caGrid-GlobalModelExchange_stubs.jar;C:\cygdrive\c\globus\install\lib\caGrid-core-1.0.jar;C:\cygdrive\c\globus\install\lib\castor-0.9.9.jar;C:\cygdrive\c\globus\install\lib\cog-axis.jar;C:\cygdrive\c\globus\install\lib\cog-jglobus.jar;C:\cygdrive\c\globus\install\lib\cog-tomcat.jar;C:\cygdrive\c\globus\install\lib\cog-url.jar;C:\cygdrive\c\globus\install\lib\commonj.jar;C:\cygdrive\c\globus\install\lib\commons-beanutils.jar;C:\cygdrive\c\globus\install\lib\commons-cli-2.0.jar;C:\cygdrive\c\globus\install\lib\commons-collections-3.0.jar;C:\cygdrive\c\globus\install\lib\commons-digester.jar;C:\cygdrive\c\globus\install\lib\commons-discovery.jar;C:\cygdrive\c\globus\install\lib\commons-logging.jar;C:\cygdrive\c\globus\install\lib\concurrent-1.3.4.jar;C:\cygdrive\c\globus\install\lib\concurrent.jar;C:\cygdrive\c\globus\install\lib\cryptix-asn1.jar;C:\cygdrive\c\globus\install\lib\cryptix.jar;C:\cygdrive\c\globus\install\lib\cryptix32.jar;C:\cygdrive\c\globus\install\lib\globus_usage_core.jar;C:\cygdrive\c\globus\install\lib\globus_usage_packets_common.jar;C:\cygdrive\c\globus\install\lib\globus_wsrf_mds_aggregator.jar;C:\cygdrive\c\globus\install\lib\globus_wsrf_mds_aggregator_stubs.jar;C:\cygdrive\c\globus\install\lib\globus_wsrf_servicegroup.jar;C:\cygdrive\c\globus\install\lib\globus_wsrf_servicegroup_stubs.jar;C:\cygdrive\c\globus\install\lib\globus_wsrf_tools_test.jar;C:\cygdrive\c\globus\install\lib\jaxrpc.jar;C:\cygdrive\c\globus\install\lib\jce-jdk13-125.jar;C:\cygdrive\c\globus\install\lib\jdom-1.0.jar;C:\cygdrive\c\globus\install\lib\jgss.jar;C:\cygdrive\c\globus\install\lib\junit.jar;C:\cygdrive\c\globus\install\lib\log4j-1.2.8.jar;C:\cygdrive\c\globus\install\lib\mobius-castor-0.9.4.3-xml.jar;C:\cygdrive\c\globus\install\lib\mobius-xquery-parser.jar;C:\cygdrive\c\globus\install\lib\mobius_common_client-1.1.jar;C:\cygdrive\c\globus\install\lib\mobius_common_server-1.1.jar;C:\cygdrive\c\globus\install\lib\mobius_factories-1.1.jar;C:\cygdrive\c\globus\install\lib\mobius_gme_client-1.1.jar;C:\cygdrive\c\globus\install\lib\mobius_gme_server-1.1.jar;C:\cygdrive\c\globus\install\lib\mobius_mako_client-1.1.jar;C:\cygdrive\c\globus\install\lib\mobius_mako_server-1.1.jar;C:\cygdrive\c\globus\install\lib\mobius_tools-1.1.jar;C:\cygdrive\c\globus\install\lib\mysql-connector-java-3.0.16-ga-bin.jar;C:\cygdrive\c\globus\install\lib\naming-common.jar;C:\cygdrive\c\globus\install\lib\naming-factory.jar;C:\cygdrive\c\globus\install\lib\naming-java.jar;C:\cygdrive\c\globus\install\lib\naming-resources.jar;C:\cygdrive\c\globus\install\lib\opensaml.jar;C:\cygdrive\c\globus\install\lib\puretls.jar;C:\cygdrive\c\globus\install\lib\resolver.jar;C:\cygdrive\c\globus\install\lib\saaj.jar;C:\cygdrive\c\globus\install\lib\servlet.jar;C:\cygdrive\c\globus\install\lib\wms_test.jar;C:\cygdrive\c\globus\install\lib\wsdl4j.jar;C:\cygdrive\c\globus\install\lib\wsrf_common.jar;C:\cygdrive\c\globus\install\lib\wsrf_core.jar;C:\cygdrive\c\globus\install\lib\wsrf_core_registry.jar;C:\cygdrive\c\globus\install\lib\wsrf_core_registry_stubs.jar;C:\cygdrive\c\globus\install\lib\wsrf_core_samples_authzService.jar;C:\cygdrive\c\globus\install\lib\wsrf_core_samples_authzService_stubs.jar;C:\cygdrive\c\globus\install\lib\wsrf_core_samples_counter.jar;C:\cygdrive\c\globus\install\lib\wsrf_core_samples_counter_stubs.jar;C:\cygdrive\c\globus\install\lib\wsrf_core_samples_mgmt.jar;C:\cygdrive\c\globus\install\lib\wsrf_core_samples_mgmt_stubs.jar;C:\cygdrive\c\globus\install\lib\wsrf_core_stubs.jar;C:\cygdrive\c\globus\install\lib\wsrf_provider_jce.jar;C:\cygdrive\c\globus\install\lib\wsrf_test.jar;C:\cygdrive\c\globus\install\lib\wsrf_test_interop.jar;C:\cygdrive\c\globus\install\lib\wsrf_test_interop_stubs.jar;C:\cygdrive\c\globus\install\lib\wsrf_test_unit.jar;C:\cygdrive\c\globus\install\lib\wsrf_test_unit_stubs.jar;C:\cygdrive\c\globus\install\lib\wsrf_tools.jar;C:\cygdrive\c\globus\install\lib\wss4j.jar;C:\cygdrive\c\globus\install\lib\xalan.jar;C:\cygdrive\c\globus\install\lib\xercesImpl.jar;C:\cygdrive\c\globus\install\lib\xml-apis.jar;C:\cygdrive\c\globus\install\lib\xmlsec.jar;C:\apache-ant-1.6.2\lib\junit.jar;C:\apache-ant-1.6.2\lib\ant-launcher.jar;C:\apache-ant-1.6.2\lib\ant.jar;C:\apache-ant-1.6.2\lib\ant-junit.jar"></property>
    <property name="ant.library.dir" value="c:/apache-ant-1.6.2/lib"></property>
    <property name="os.arch" value="x86"></property>
    <property name="env.TERMCAP" value="xterm-r6|xterm|xterm X11R6 version:am:km:mi:ms:xn:co#80:it#8:li#24:AL=\E[%dL:DC=\E[%dP:DL=\E[%dM:DO=\E[%dB:LE=\E[%dD:RI=\E[%dC:UP=\E[%dA:ae=^O:al=\E[L:as=^N:bl=^G:cd=\E[J:ce=\E[K:cl=\E[H\E[2J:cm=\E[%i%d;%dH:cr=^M:cs=\E[%i%d;%dr:ct=\E[3g:dc=\E[P:dl=\E[M:do=^J:ei=\E[4l:ho=\E[H:im=\E[4h:is=\E7\E[r\E[m\E[?7h\E[?1;3;4;6l\E[4l\E8\E&gt;:k1=\EOP:k2=\EOQ:k3=\EOR:k4=\EOS:k5=\E[15~:k6=\E[17~:k7=\E[18~:k8=\E[19~:k9=\E[20~:kD=\E[3~:kI=\E[2~:kN=\E[6~:kP=\E[5~:kd=\EOB:ke=\E[?1l\E&gt;:kh=\E[1~:kl=\EOD:kr=\EOC:ks=\E[?1h\E=:ku=\EOA:le=^H:md=\E[1m:me=\E[m:mr=\E[7m:nd=\E[C:rc=\E8:sc=\E7:se=\E[m:sf=^J:so=\E[7m:sr=\EM:ta=^I:te=\E[2J\E[?47l\E8:ti=\E7\E[?47h:ue=\E[m:up=\E[A:us=\E[4m:kb=\010:"></property>
    <property name="env.SESSIONNAME" value="Console"></property>
    <property name="env.IBMSHARE" value="C:\IBMSHARE"></property>
    <property name="java.vm.specification.vendor" value="Sun Microsystems Inc."></property>
    <property name="file.separator" value="\"></property>
    <property name="java.runtime.version" value="1.5.0_06-b05"></property>
    <property name="sun.boot.class.path" value="C:\Program Files\Java\jdk1.5.0_06\jre\lib\rt.jar;C:\Program Files\Java\jdk1.5.0_06\jre\lib\i18n.jar;C:\Program Files\Java\jdk1.5.0_06\jre\lib\sunrsasign.jar;C:\Program Files\Java\jdk1.5.0_06\jre\lib\jsse.jar;C:\Program Files\Java\jdk1.5.0_06\jre\lib\jce.jar;C:\Program Files\Java\jdk1.5.0_06\jre\lib\charsets.jar;C:\Program Files\Java\jdk1.5.0_06\jre\classes"></property>
    <property name="env.TEMP" value="c:\DOCUME~1\madduri\LOCALS~1\Temp"></property>
    <property name="user.country" value="US"></property>
    <property name="env.ANT_HOME" value="c:/apache-ant-1.6.2"></property>
    <property name="etc.dir" value="etc"></property>
    <property name="service.jar.name" value="WorkflowManagementService-service.jar"></property>
    <property name="service.name" value="WorkflowManagementService"></property>
    <property name="java.vendor" value="Sun Microsystems Inc."></property>
    <property name="tomcat.deploy.dir" value="C:\dev\jakarta-tomcat-5.0.30/webapps/wsrf/WEB-INF"></property>
    <property name="env.CATALINA_HOME" value="C:\dev\jakarta-tomcat-5.0.30"></property>
    <property name="java.specification.version" value="1.5"></property>
    <property name="sun.arch.data.model" value="32"></property>
  </properties>
  <testcase classname="gov.nih.nci.wms.tests.WMSTest" name="testBasic" time="4.707"></testcase>
  <testcase classname="gov.nih.nci.wms.tests.WMSTest" name="testSecure" time="2.223"></testcase>
  <testcase classname="gov.nih.nci.wms.tests.WMSTest" name="testAnnualDemo" time="0.0"></testcase>
  <system-out><![CDATA[]]></system-out>
  <system-err><![CDATA[]]></system-err>
</testsuite>
