<?xml version="1.0" encoding="UTF-8"?>
<beans xmlns="http://www.springframework.org/schema/beans"
	xmlns:xsi="http://www.w3.org/2001/XMLSchema-instance"
	xmlns:p="http://www.springframework.org/schema/p"
	xmlns:tx="http://www.springframework.org/schema/tx"
	xmlns:aop="http://www.springframework.org/schema/aop"
	xmlns:util="http://www.springframework.org/schema/util"
	xsi:schemaLocation="
	http://www.springframework.org/schema/beans http://www.springframework.org/schema/beans/spring-beans-2.0.xsd
	http://www.springframework.org/schema/beans http://www.springframework.org/schema/beans/spring-beans-2.0.xsd
	http://www.springframework.org/schema/tx http://www.springframework.org/schema/tx/spring-tx-2.0.xsd
	http://www.springframework.org/schema/aop http://www.springframework.org/schema/aop/spring-aop-2.0.xsd
	http://www.springframework.org/schema/util http://www.springframework.org/schema/util/spring-util-2.0.xsd">

	<bean id="propertyConfigurer"
		class="org.springframework.beans.factory.config.PropertyPlaceholderConfigurer">
		<property name="location"
			value="classpath:cagridportal.properties" />
	</bean>
	
	<bean class="org.springframework.beans.factory.annotation.RequiredAnnotationBeanPostProcessor"/>

	<bean id="browseViewDetailsController"
		class="gov.nih.nci.cagrid.portal.portlet.browse.BrowseViewDetailsController"
		autowire="byName">
		<property name="objectName" value="catalogEntry"/>
        <property name="successViewName" value="viewDetails"/>
	</bean>
	
	<bean id="browseViewDetailsController2"
		class="gov.nih.nci.cagrid.portal.portlet.browse.BrowseViewDetailsController"
		autowire="byName">
		<property name="objectName" value="catalogEntry"/>
        <property name="successViewName" value="viewDetails2"/>
	</bean>	
	

	<bean
	 id="portletModeParameterHandlerMapping"
		class="gov.nih.nci.cagrid.portal.portlet.browse.BrowseHandlerMapping">		 
		<property name="order" value="1" />
		<property name="parameterName" value="operation"/>

		<property name="portletModeParameterMap">
			<map>
				<entry key="view">
					<map>
						<entry key="viewDetails" value-ref="browseViewDetailsController2" />
				    </map>
				</entry>				
	 		</map>
	 	</property>
	</bean>	


	
	<bean id="portletModeHandlerMapping"
		class="org.springframework.web.portlet.handler.PortletModeHandlerMapping">
		<property name="order" value="2" />		
		<property name="portletModeMap">
			<map>
				<entry key="view">
					<ref bean="browseViewDetailsController" />
				</entry>
			</map>
		</property>
	</bean>

	<bean id="viewResolver"
		class="org.springframework.web.servlet.view.InternalResourceViewResolver">
		<property name="viewClass"
			value="org.springframework.web.servlet.view.JstlView" />
		<property name="prefix" value="/WEB-INF/jsp/browse/" />
		<property name="suffix" value=".jsp" />
	</bean>

	<bean id="defaultExceptionHandler"
		parent="defaultExceptionHandlerTemplate" />

		
</beans>