<?xml version="1.0" encoding="UTF-8"?>
<beans xmlns="http://www.springframework.org/schema/beans"
	xmlns:xsi="http://www.w3.org/2001/XMLSchema-instance"
	xmlns:p="http://www.springframework.org/schema/p"
	xmlns:tx="http://www.springframework.org/schema/tx"
	xsi:schemaLocation="
	http://www.springframework.org/schema/beans http://www.springframework.org/schema/beans/spring-beans-2.0.xsd
	http://www.springframework.org/schema/tx http://www.springframework.org/schema/tx/spring-tx-2.0.xsd">

	<description>This document is loaded in the context of tests, and defines resources used for
		testing submissions using xsd:redefine.</description>


	<bean id="testDocumentRedefiner" parent="testSchemaDocumentCreationTemplate" scope="prototype">
		<constructor-arg>
			<bean class="java.io.File">
				<constructor-arg value="test/resources/schema/redefine/Redefiner.xsd"/>
			</bean>
		</constructor-arg>
	</bean>

	<bean id="testDocumentRedefined" parent="testSchemaDocumentCreationTemplate" scope="prototype">
		<constructor-arg>
			<bean class="java.io.File">
				<constructor-arg value="test/resources/schema/redefine/Redefined.xsd"/>
			</bean>
		</constructor-arg>
	</bean>

	<bean id="testSchemaRedefined" class="org.cagrid.gme.domain.XMLSchema">
		<property name="targetNamespace" value="gme://redefine"/>
		<property name="rootDocument">
			<ref bean="testDocumentRedefined"/>
		</property>
	</bean>

	<bean id="testSchemaRedefine" class="org.cagrid.gme.domain.XMLSchema">
		<property name="targetNamespace" value="gme://redefine"/>
		<property name="rootDocument">
			<ref bean="testDocumentRedefiner"/>
		</property>
		<property name="additionalSchemaDocuments">
			<set>
				<ref bean="testDocumentRedefined"/>
			</set>
		</property>
	</bean>

	<bean id="testDocumentRedefinerNoNamespace" parent="testSchemaDocumentCreationTemplate"
		scope="prototype">
		<constructor-arg>
			<bean class="java.io.File">
				<constructor-arg value="test/resources/schema/redefine/Redefiner_nons.xsd"/>
			</bean>
		</constructor-arg>
	</bean>

	<bean id="testDocumentRedefinedNoNamespace" parent="testSchemaDocumentCreationTemplate"
		scope="prototype">
		<constructor-arg>
			<bean class="java.io.File">
				<constructor-arg value="test/resources/schema/redefine/Redefined_nons.xsd"/>
			</bean>
		</constructor-arg>
	</bean>

	<bean id="testSchemaRedefineNoNamespace" class="org.cagrid.gme.domain.XMLSchema">
		<property name="targetNamespace" value="gme://redefinenons"/>
		<property name="rootDocument">
			<ref bean="testDocumentRedefinerNoNamespace"/>
		</property>
		<property name="additionalSchemaDocuments">
			<set>
				<ref bean="testDocumentRedefinedNoNamespace"/>
			</set>
		</property>
	</bean>
</beans>
