<?xml version='1.0' encoding='UTF-8'?>
<dataset>

	<GENE ID="-1" NAME="gene1_name" SYMBOL="gene1_symbol" CLUSTERID="gene1_clusterId"/>
	<GENE ID="-2" NAME="gene2_name" SYMBOL="gene2_symbol" CLUSTERID="gene2_clusterId"/>
	<GENE ID="-3" NAME="gene3_name" SYMBOL="gene3_symbol" CLUSTERID="gene3_clusterId"/>
	
	<HIER_NODE HIER_TYPE="GeneFunctionTerm"  ID="-1" VALUE="root" PARENT_ID="-1" LEVEL="0"/>

    <HIER_NODE HIER_TYPE="GeneFunctionTerm"  ID="-2" VALUE="node1" PARENT_ID="-1" LEVEL="1"/>
    <HIER_NODE HIER_TYPE="GeneFunctionTerm"  ID="-3" VALUE="node2" PARENT_ID="-1" LEVEL="1"/>
    <HIER_NODE HIER_TYPE="GeneFunctionTerm"  ID="-4" VALUE="node3" PARENT_ID="-1" LEVEL="1"/>

    <HIER_NODE HIER_TYPE="GeneFunctionTerm"  ID="-5" VALUE="node2-1" PARENT_ID="-3" LEVEL="2"/>
    <HIER_NODE HIER_TYPE="GeneFunctionTerm"  ID="-6" VALUE="node2-2" PARENT_ID="-3" LEVEL="2"/>
    <HIER_NODE HIER_TYPE="GeneFunctionTerm"  ID="-7" VALUE="node2-3" PARENT_ID="-3" LEVEL="2"/>

    <!-- Descendants of root -->
    <HIER_DESC ANCESTOR_ID="-1" DESCENDANT_ID="-2"/>
    <HIER_DESC ANCESTOR_ID="-1" DESCENDANT_ID="-3"/>
    <HIER_DESC ANCESTOR_ID="-1" DESCENDANT_ID="-4"/>
    <HIER_DESC ANCESTOR_ID="-1" DESCENDANT_ID="-5"/>
    <HIER_DESC ANCESTOR_ID="-1" DESCENDANT_ID="-6"/>
    <HIER_DESC ANCESTOR_ID="-1" DESCENDANT_ID="-7"/>

    <!-- Descedants of node2 -->
    <HIER_DESC ANCESTOR_ID="-3" DESCENDANT_ID="-5"/>
    <HIER_DESC ANCESTOR_ID="-3" DESCENDANT_ID="-6"/>
    <HIER_DESC ANCESTOR_ID="-3" DESCENDANT_ID="-7"/>
	
	<HIER_NODES_GENES GENE_ID="-1" TERM_ID="-2"/>
	<HIER_NODES_GENES GENE_ID="-2" TERM_ID="-3"/>
	<HIER_NODES_GENES GENE_ID="-3" TERM_ID="-6"/>

</dataset>