<?xml version="1.0" encoding="UTF-8" ?>
<testsuite errors="0" failures="0" name="gov.nih.nci.cagrid.gridgrouper.service.TestGridGrouper" tests="1" time="3.355">
  <properties>
    <property name="file.encoding.pkg" value="sun.io"></property>
    <property name="env.PROMPT" value="$P$G"></property>
    <property name="test.hibernate.props" value="test/resources/grouper.hibernate.properties"></property>
    <property name="java.home" value="C:\Program Files\Java\jdk1.5.0_06\jre"></property>
    <property name="test.src.dir" value="test/src"></property>
    <property name="cygwin.user.home" value="C:/cygwin/home/langella"></property>
    <property name="env.OGSADAI_LOCATION" value="C:\projects\ogsadai-5.0"></property>
    <property name="java.endorsed.dirs" value="C:\Program Files\Java\jdk1.5.0_06\jre\lib\endorsed"></property>
    <property name="env.SMA" value="C:\Program Files\IBM ThinkVantage\SMA\"></property>
    <property name="env.USERNAME" value="langella"></property>
    <property name="src.dir" value="src"></property>
    <property name="ext.globus.dir" value="C:\ext\ws-core-4.0.2"></property>
    <property name="sun.os.patch.level" value="Service Pack 2"></property>
    <property name="tomcat.common.lib.dir" value="C:\tomcat/common/lib"></property>
    <property name="java.vendor.url" value="http://java.sun.com/"></property>
    <property name="env.COMPUTERNAME" value="PUTTY"></property>
    <property name="env.PRINTER" value="HP LaserJet 2200 Series PCL"></property>
    <property name="java.version" value="1.5.0_06"></property>
    <property name="hibernate.props" value="resources/conf/grouper.hibernate.properties"></property>
    <property name="conf.dir" value="resources/conf"></property>
    <property name="java.vendor.url.bug" value="http://java.sun.com/cgi-bin/bugreport.cgi"></property>
    <property name="env.USERPROFILE" value="C:\Documents and Settings\langella"></property>
    <property name="introduce.skeleton.namespace.domain" value="http://cagrid.nci.nih.gov/GridGrouper"></property>
    <property name="test.lib.dir" value="test/lib"></property>
    <property name="introduce.ns.excludes" value=" -x gme://caGrid.caBIG/1.0/gov.nih.nci.cagrid.metadata.security"></property>
    <property name="user.name" value="langella"></property>
    <property name="env.CVS_RSH" value="/bin/ssh"></property>
    <property name="tomcat.deploy.lib.dir" value="C:\tomcat/webapps/wsrf/WEB-INF/lib"></property>
    <property name="env.TEXDOCVIEW_dvi" value="cygstart %s"></property>
    <property name="sun.io.unicode.encoding" value="UnicodeLittle"></property>
    <property name="sun.jnu.encoding" value="Cp1252"></property>
    <property name="java.runtime.name" value="Java(TM) 2 Runtime Environment, Standard Edition"></property>
    <property name="schema.dest" value="C:\projects\cagrid-1-0\caGrid\projects\gridgrouper\build\schema"></property>
    <property name="lib.dir" value="lib"></property>
    <property name="java.specification.name" value="Java Platform API Specification"></property>
    <property name="test.jar.name" value="GridGrouper-tests.jar"></property>
    <property name="user.timezone" value=""></property>
    <property name="path.separator" value=";"></property>
    <property name="client.jar.name" value="GridGrouper-client.jar"></property>
    <property name="env.PROCESSOR_IDENTIFIER" value="x86 Family 6 Model 13 Stepping 6, GenuineIntel"></property>
    <property name="file.encoding" value="Cp1252"></property>
    <property name="env.!8:" value="8:\"></property>
    <property name="junit.results.dir" value="test/logs/junit"></property>
    <property name="env.HOME" value="C:\cygwin\home\langella"></property>
    <property name="env.MANPATH" value="/usr/local/man:/usr/share/man:/usr/man::/usr/ssl/man:/usr/X11R6/man"></property>
    <property name="env.NUMBER_OF_PROCESSORS" value="1"></property>
    <property name="env.APPDATA" value="C:\Documents and Settings\langella\Application Data"></property>
    <property name="ant.file" value="c:\projects\cagrid-1-0\caGrid\projects\gridgrouper\build.xml"></property>
    <property name="env.WINDIR" value="C:\WINDOWS"></property>
    <property name="env.QTJAVA" value="C:\Program Files\Java\jre1.5.0_04\lib\ext\QTJava.zip"></property>
    <property name="env.HOSTNAME" value="putty"></property>
    <property name="test.log.dir" value="test/logs"></property>
    <property name="service.deployment.path" value="cagrid/GridGrouper"></property>
    <property name="java.io.tmpdir" value="c:\DOCUME~1\langella\LOCALS~1\Temp\"></property>
    <property name="user.language" value="en"></property>
    <property name="line.separator" value="
"></property>
    <property name="garjars.id" value="garjars"></property>
    <property name="java.debug" value="on"></property>
    <property name="ant.file.build-deploy file" value="C:\projects\cagrid-1-0\caGrid\projects\gridgrouper\build-deploy.xml"></property>
    <property name="introduce.skeleton.service.name" value="GridGrouper"></property>
    <property name="env.COMMONPROGRAMFILES" value="C:\Program Files\Common Files"></property>
    <property name="build.sql" value="C:\projects\cagrid-1-0\caGrid\projects\gridgrouper\build\sql"></property>
    <property name="schema.src" value="C:\ext\ws-core-4.0.2\share\schema"></property>
    <property name="java.vm.info" value="mixed mode"></property>
    <property name="sun.desktop" value="windows"></property>
    <property name="java.vm.specification.name" value="Java Virtual Machine Specification"></property>
    <property name="ant.file.run-tools file" value="C:\projects\cagrid-1-0\caGrid\projects\gridgrouper\run-tools.xml"></property>
    <property name="common.jar.name" value="GridGrouper-common.jar"></property>
    <property name="env.PATHEXT" value=".COM;.EXE;.BAT;.CMD;.VBS;.VBE;.JS;.JSE;.WSF;.WSH"></property>
    <property name="hbm.dir" value="resources/hbm"></property>
    <property name="build.stubs" value="C:\ext\ws-core-4.0.2\share\globus_wsrf_tools\build-stubs.xml"></property>
    <property name="env.LOGONSERVER" value="\\PUTTY"></property>
    <property name="introduce.skeleton.timestamp" value="1154443602801"></property>
    <property name="stubs.src" value="C:\projects\cagrid-1-0\caGrid\projects\gridgrouper\build\stubs-GridGrouper\src"></property>
    <property name="java.awt.printerjob" value="sun.awt.windows.WPrinterJob"></property>
    <property name="build.dest" value="C:\projects\cagrid-1-0\caGrid\projects\gridgrouper\build\classes"></property>
    <property name="test.build.dest" value="C:\projects\cagrid-1-0\caGrid\projects\gridgrouper\build/test/classes"></property>
    <property name="ant.version" value="Apache Ant version 1.6.5 compiled on June 2 2005"></property>
    <property name="env.USERDOMAIN" value="PUTTY"></property>
    <property name="env.PROCESSOR_LEVEL" value="6"></property>
    <property name="resources.jar.name" value="GridGrouper-resources.jar"></property>
    <property name="env.CLASSPATH" value="c:/Program Files/Java/jre1.5.0_04/lib/ext/QTJava.zip"></property>
    <property name="os.name" value="Windows XP"></property>
    <property name="java.specification.vendor" value="Sun Microsystems Inc."></property>
    <property name="stubs.dest" value="C:\projects\cagrid-1-0\caGrid\projects\gridgrouper\build\stubs-GridGrouper\classes"></property>
    <property name="env.TMP" value="c:\DOCUME~1\langella\LOCALS~1\Temp"></property>
    <property name="env.TERM" value="cygwin"></property>
    <property name="java.vm.name" value="Java HotSpot(TM) Client VM"></property>
    <property name="env.TEXDOCVIEW_pdf" value="cygstart %s"></property>
    <property name="service.properties.file" value="service.properties"></property>
    <property name="env.OS" value="Windows_NT"></property>
    <property name="gar.name" value="GridGrouper.gar"></property>
    <property name="java.library.path" value="C:\Program Files\Java\jdk1.5.0_06\jre\bin;.;C:\WINDOWS\system32;C:\WINDOWS;C:\cygwin\usr\local\bin;C:\cygwin\bin;C:\cygwin\bin;C:\cygwin\usr\X11R6\bin;c:\apache-ant-1.6.5\bin;c:\Program Files\Java\jdk1.5.0_06\bin;c:\Program Files\ThinkPad\Utilities;c:\WINDOWS\system32;c:\WINDOWS;c:\WINDOWS\System32\Wbem;c:\Program Files\ATI Technologies\ATI Control Panel;c:\Program Files\ATI Technologies\Fire GL 3D Studio Max;c:\Program Files\Common Files\Adaptec Shared\System;c:\Program Files\MySQL\MySQL Server 4.1\bin;c:\Program Files\QuickTime\QTSystem\;c:\PROGRA~1\vtk42\bin;C:\cygwin\lib\lapack"></property>
    <property name="env.PATH" value="C:\cygwin\usr\local\bin;C:\cygwin\bin;C:\cygwin\bin;C:\cygwin\usr\X11R6\bin;c:\apache-ant-1.6.5\bin;c:\Program Files\Java\jdk1.5.0_06\bin;c:\Program Files\ThinkPad\Utilities;c:\WINDOWS\system32;c:\WINDOWS;c:\WINDOWS\System32\Wbem;c:\Program Files\ATI Technologies\ATI Control Panel;c:\Program Files\ATI Technologies\Fire GL 3D Studio Max;c:\Program Files\Common Files\Adaptec Shared\System;c:\Program Files\MySQL\MySQL Server 4.1\bin;c:\Program Files\QuickTime\QTSystem\;c:\PROGRA~1\vtk42\bin;C:\cygwin\lib\lapack"></property>
    <property name="ant.java.version" value="1.5"></property>
    <property name="env.INFOPATH" value="/usr/local/info:/usr/share/info:/usr/info:"></property>
    <property name="basedir" value="C:\projects\cagrid-1-0\caGrid\projects\gridgrouper"></property>
    <property name="java.class.version" value="49.0"></property>
    <property name="env.SHLVL" value="1"></property>
    <property name="ext.lib.dir" value="ext/lib"></property>
    <property name="ant.home" value="c:/apache-ant-1.6.5"></property>
    <property name="introduce.skeleton.services.list" value="GridGrouper,GridGrouperStem"></property>
    <property name="tomcat.wsrf.schema.dir" value="C:\tomcat/webapps/wsrf/share/schema"></property>
    <property name="ext.test.lib.dir" value="ext/test/lib"></property>
    <property name="env.TEXDOCVIEW_html" value="cygstart %s"></property>
    <property name="env.HOMEDRIVE" value="C:"></property>
    <property name="service.deployment.prefix" value="cagrid"></property>
    <property name="env.SYSTEMROOT" value="C:\WINDOWS"></property>
    <property name="env.COMSPEC" value="C:\WINDOWS\system32\cmd.exe"></property>
    <property name="build.packages" value="C:\ext\ws-core-4.0.2\share\globus_wsrf_common\build-packages.xml"></property>
    <property name="sun.boot.library.path" value="C:\Program Files\Java\jdk1.5.0_06\jre\bin"></property>
    <property name="build.dir" value="C:\projects\cagrid-1-0\caGrid\projects\gridgrouper\build"></property>
    <property name="env.SYSTEMDRIVE" value="C:"></property>
    <property name="env.PROCESSOR_REVISION" value="0d06"></property>
    <property name="sun.management.compiler" value="HotSpot Client Compiler"></property>
    <property name="java.awt.graphicsenv" value="sun.awt.Win32GraphicsEnvironment"></property>
    <property name="user.variant" value=""></property>
    <property name="stubs.jar.name" value="GridGrouper-stubs.jar"></property>
    <property name="env.USER" value="langella"></property>
    <property name="ant.project.name" value="Introduce Build File"></property>
    <property name="schema.dir" value="schema"></property>
    <property name="GT4.ns.excludes" value="-x http://docs.oasis-open.org/wsrf/2004/06/wsrf-WS-BaseFaults-1.2-draft-01.xsd -x http://docs.oasis-open.org/wsrf/2004/06/wsrf-WS-BaseFaults-1.2-draft-01.wsdl -x http://docs.oasis-open.org/wsrf/2004/06/wsrf-WS-ResourceLifetime-1.2-draft-01.xsd -x http://docs.oasis-open.org/wsrf/2004/06/wsrf-WS-ResourceLifetime-1.2-draft-01.wsdl -x http://docs.oasis-open.org/wsrf/2004/06/wsrf-WS-ResourceProperties-1.2-draft-01.xsd -x http://docs.oasis-open.org/wsrf/2004/06/wsrf-WS-ResourceProperties-1.2-draft-01.wsdl -x http://docs.oasis-open.org/wsrf/2004/06/wsrf-WS-ServiceGroup-1.2-draft-01.xsd -x http://docs.oasis-open.org/wsrf/2004/06/wsrf-WS-ServiceGroup-1.2-draft-01.wsdl -x http://docs.oasis-open.org/wsn/2004/06/wsn-WS-BaseNotification-1.2-draft-01.xsd -x http://docs.oasis-open.org/wsn/2004/06/wsn-WS-BaseNotification-1.2-draft-01.wsdl -x http://schemas.xmlsoap.org/ws/2004/04/trust -x http://schemas.xmlsoap.org/ws/2002/12/policy -x http://schemas.xmlsoap.org/ws/2002/07/utility -x http://schemas.xmlsoap.org/ws/2004/04/sc -x http://docs.oasis-open.org/wss/2004/01/oasis-200401-wss-wssecurity-secext-1.0.xsd -x http://www.w3.org/2000/09/xmldsig# -x http://docs.oasis-open.org/wss/2004/01/oasis-200401-wss-wssecurity-utility-1.0.xsd"></property>
    <property name="introduce.skeleton.destination.dir" value="C:\projects\cagrid-1-0\caGrid\projects\gridgrouper"></property>
    <property name="env.PROGRAMFILES" value="C:\Program Files"></property>
    <property name="java.vm.specification.version" value="1.0"></property>
    <property name="env.GLOBUS_LOCATION" value="C:\ext\ws-core-4.0.2"></property>
    <property name="awt.toolkit" value="sun.awt.windows.WToolkit"></property>
    <property name="introduce.skeleton.extensions" value=""></property>
    <property name="build.lib.dir" value="C:\projects\cagrid-1-0\caGrid\projects\gridgrouper\build\lib"></property>
    <property name="sun.cpu.isalist" value="pentium_pro+mmx pentium_pro pentium+mmx pentium i486 i386 i86"></property>
    <property name="java.ext.dirs" value="C:\Program Files\Java\jdk1.5.0_06\jre\lib\ext"></property>
    <property name="garschema.id" value="garschema"></property>
    <property name="os.version" value="5.1"></property>
    <property name="user.home" value="C:\Documents and Settings\langella"></property>
    <property name="java.vm.vendor" value="Sun Microsystems Inc."></property>
    <property name="mappings.file" value="C:\projects\cagrid-1-0\caGrid\projects\gridgrouper/namespace2package.mappings"></property>
    <property name="env.PKG_CONFIG_PATH" value="/usr/X11R6/lib/pkgconfig"></property>
    <property name="garetc.id" value="garetc"></property>
    <property name="ant.file.Introduce Build File" value="C:\projects\cagrid-1-0\caGrid\projects\gridgrouper\build.xml"></property>
    <property name="env.JAVA_HOME" value="c:/Program Files/Java/jdk1.5.0_06"></property>
    <property name="stubs.dir" value="C:\projects\cagrid-1-0\caGrid\projects\gridgrouper\build\stubs-GridGrouper"></property>
    <property name="user.dir" value="C:\projects\cagrid-1-0\caGrid\projects\gridgrouper"></property>
    <property name="schema.path" value="GridGrouper"></property>
    <property name="env.FP_NO_HOST_CHECK" value="NO"></property>
    <property name="env.PWD" value="/cygdrive/c/projects/cagrid-1-0/caGrid/projects/gridgrouper"></property>
    <property name="test.dir" value="test"></property>
    <property name="tomcat.dir" value="C:\tomcat"></property>
    <property name="sun.cpu.endian" value="little"></property>
    <property name="env.ALLUSERSPROFILE" value="C:\Documents and Settings\All Users"></property>
    <property name="env.PROCESSOR_ARCHITECTURE" value="x86"></property>
    <property name="env.MAKE_MODE" value="unix"></property>
    <property name="java.vm.version" value="1.5.0_06-b05"></property>
    <property name="env.HOMEPATH" value="\Documents and Settings\langella"></property>
    <property name="java.class.path" value="C:\projects\cagrid-1-0\caGrid\projects\gridgrouper\build\test\classes;C:\projects\cagrid-1-0\caGrid\projects\gridgrouper\test\resources;C:\projects\cagrid-1-0\caGrid\projects\gridgrouper\test\lib\jdom-1.0.jar;C:\projects\cagrid-1-0\caGrid\projects\gridgrouper\ext\test\lib\caGrid-core-tests-1.0.jar;C:\projects\cagrid-1-0\caGrid\projects\gridgrouper\ext\test\lib\jdepend-2.7-patched.jar;C:\projects\cagrid-1-0\caGrid\projects\gridgrouper\ext\test\lib\junit-addons-1.4.jar;C:\projects\cagrid-1-0\caGrid\projects\gridgrouper\ext\test\lib\junit.jar;C:\projects\cagrid-1-0\caGrid\projects\gridgrouper\ext\test\lib\xmlunit1.0.jar;C:\projects\cagrid-1-0\caGrid\projects\gridgrouper\build\classes;C:\projects\cagrid-1-0\caGrid\projects\gridgrouper\build\stubs-GridGrouper\classes;C:\projects\cagrid-1-0\caGrid\projects\gridgrouper\lib\GroboTestingJUnit-1.2.1-core.jar;C:\projects\cagrid-1-0\caGrid\projects\gridgrouper\lib\GroboUtilThread-1.0.0alpha2-core.jar;C:\projects\cagrid-1-0\caGrid\projects\gridgrouper\lib\ant-contrib.jar;C:\projects\cagrid-1-0\caGrid\projects\gridgrouper\lib\cglib-full-2.0.2.jar;C:\projects\cagrid-1-0\caGrid\projects\gridgrouper\lib\commons-dbcp-1.2.1.jar;C:\projects\cagrid-1-0\caGrid\projects\gridgrouper\lib\commons-lang-2.0.jar;C:\projects\cagrid-1-0\caGrid\projects\gridgrouper\lib\commons-pool-1.2.jar;C:\projects\cagrid-1-0\caGrid\projects\gridgrouper\lib\dom4j-1.4.jar;C:\projects\cagrid-1-0\caGrid\projects\gridgrouper\lib\ehcache-0.9.jar;C:\projects\cagrid-1-0\caGrid\projects\gridgrouper\lib\grouper.jar;C:\projects\cagrid-1-0\caGrid\projects\gridgrouper\lib\hibernate2-2.1.8.jar;C:\projects\cagrid-1-0\caGrid\projects\gridgrouper\lib\hsqldb-1.7.2.11.jar;C:\projects\cagrid-1-0\caGrid\projects\gridgrouper\lib\jta-1.0.1B.jar;C:\projects\cagrid-1-0\caGrid\projects\gridgrouper\lib\jug-1.1.1.jar;C:\projects\cagrid-1-0\caGrid\projects\gridgrouper\lib\junit-3.8.1.jar;C:\projects\cagrid-1-0\caGrid\projects\gridgrouper\lib\mysql-connector-java-3.0.16-ga-bin.jar;C:\projects\cagrid-1-0\caGrid\projects\gridgrouper\lib\odmg-3.0.jar;C:\projects\cagrid-1-0\caGrid\projects\gridgrouper\lib\subject-0.2.1.jar;C:\projects\cagrid-1-0\caGrid\projects\gridgrouper\ext\lib\caGrid-core-1.0.jar;C:\projects\cagrid-1-0\caGrid\projects\gridgrouper\ext\lib\caGrid-introduce-security-client-1.0.jar;C:\projects\cagrid-1-0\caGrid\projects\gridgrouper\ext\lib\caGrid-introduce-security-common-1.0.jar;C:\projects\cagrid-1-0\caGrid\projects\gridgrouper\ext\lib\caGrid-introduce-security-service-1.0.jar;C:\projects\cagrid-1-0\caGrid\projects\gridgrouper\ext\lib\caGrid-introduce-security-stubs-1.0.jar;C:\projects\cagrid-1-0\caGrid\projects\gridgrouper\ext\lib\castor-0.9.9.jar;C:\projects\cagrid-1-0\caGrid\projects\gridgrouper\ext\lib\globus_wsrf_mds_aggregator.jar;C:\projects\cagrid-1-0\caGrid\projects\gridgrouper\ext\lib\globus_wsrf_mds_aggregator_stubs.jar;C:\projects\cagrid-1-0\caGrid\projects\gridgrouper\ext\lib\globus_wsrf_servicegroup.jar;C:\projects\cagrid-1-0\caGrid\projects\gridgrouper\ext\lib\globus_wsrf_servicegroup_stubs.jar;C:\projects\cagrid-1-0\caGrid\projects\gridgrouper\ext\lib\mobius_common_client-1.1.jar;C:\projects\cagrid-1-0\caGrid\projects\gridgrouper\ext\lib\mobius_factories-1.1.jar;C:\projects\cagrid-1-0\caGrid\projects\gridgrouper\ext\lib\mobius_gme_client-1.1.jar;C:\projects\cagrid-1-0\caGrid\projects\gridgrouper\ext\lib\mobius_mako_client-1.1.jar;C:\projects\cagrid-1-0\caGrid\projects\gridgrouper\ext\lib\mobius_tools-1.1.jar;C:\ext\ws-core-4.0.2\lib\Dorian-client.jar;C:\ext\ws-core-4.0.2\lib\Dorian-common.jar;C:\ext\ws-core-4.0.2\lib\Dorian-portal.jar;C:\ext\ws-core-4.0.2\lib\Dorian-service.jar;C:\ext\ws-core-4.0.2\lib\Dorian-tests.jar;C:\ext\ws-core-4.0.2\lib\Dorian_stubs.jar;C:\ext\ws-core-4.0.2\lib\GTS-client.jar;C:\ext\ws-core-4.0.2\lib\GTS-common.jar;C:\ext\ws-core-4.0.2\lib\GTS_stubs.jar;C:\ext\ws-core-4.0.2\lib\GridGrouper-tests.jar;C:\ext\ws-core-4.0.2\lib\GroboTestingJUnit-1.2.1-core.jar;C:\ext\ws-core-4.0.2\lib\GroboUtilThread-1.0.0alpha2-core.jar;C:\ext\ws-core-4.0.2\lib\addressing-1.0.jar;C:\ext\ws-core-4.0.2\lib\ant-contrib.jar;C:\ext\ws-core-4.0.2\lib\axis-url.jar;C:\ext\ws-core-4.0.2\lib\axis.jar;C:\ext\ws-core-4.0.2\lib\bootstrap.jar;C:\ext\ws-core-4.0.2\lib\caGrid-core-1.0.jar;C:\ext\ws-core-4.0.2\lib\caGrid-introduce-security-client-1.0.jar;C:\ext\ws-core-4.0.2\lib\caGrid-introduce-security-common-1.0.jar;C:\ext\ws-core-4.0.2\lib\caGrid-introduce-security-service-1.0.jar;C:\ext\ws-core-4.0.2\lib\caGrid-introduce-security-stubs-1.0.jar;C:\ext\ws-core-4.0.2\lib\caGrid-metadata-common-1.0.jar;C:\ext\ws-core-4.0.2\lib\caGrid-metadata-data-1.0.jar;C:\ext\ws-core-4.0.2\lib\caGrid-metadata-security-1.0.jar;C:\ext\ws-core-4.0.2\lib\cagrid-opensaml-1.1.jar;C:\ext\ws-core-4.0.2\lib\castor-0.9.9.jar;C:\ext\ws-core-4.0.2\lib\cglib-full-2.0.1.jar;C:\ext\ws-core-4.0.2\lib\cglib-full-2.0.2.jar;C:\ext\ws-core-4.0.2\lib\cog-axis.jar;C:\ext\ws-core-4.0.2\lib\cog-jglobus.jar;C:\ext\ws-core-4.0.2\lib\cog-tomcat.jar;C:\ext\ws-core-4.0.2\lib\cog-url.jar;C:\ext\ws-core-4.0.2\lib\commonj.jar;C:\ext\ws-core-4.0.2\lib\commons-beanutils.jar;C:\ext\ws-core-4.0.2\lib\commons-cli-2.0.jar;C:\ext\ws-core-4.0.2\lib\commons-codec-1.3.jar;C:\ext\ws-core-4.0.2\lib\commons-collections-3.0.jar;C:\ext\ws-core-4.0.2\lib\commons-dbcp-1.2.1.jar;C:\ext\ws-core-4.0.2\lib\commons-digester.jar;C:\ext\ws-core-4.0.2\lib\commons-discovery.jar;C:\ext\ws-core-4.0.2\lib\commons-httpclient-3.0.jar;C:\ext\ws-core-4.0.2\lib\commons-lang-2.0.jar;C:\ext\ws-core-4.0.2\lib\commons-logging.jar;C:\ext\ws-core-4.0.2\lib\commons-pool-1.2.jar;C:\ext\ws-core-4.0.2\lib\concurrent.jar;C:\ext\ws-core-4.0.2\lib\cryptix-asn1.jar;C:\ext\ws-core-4.0.2\lib\cryptix.jar;C:\ext\ws-core-4.0.2\lib\cryptix32.jar;C:\ext\ws-core-4.0.2\lib\dom4j-1.4.jar;C:\ext\ws-core-4.0.2\lib\ehcache-0.9.jar;C:\ext\ws-core-4.0.2\lib\globus_usage_core.jar;C:\ext\ws-core-4.0.2\lib\globus_usage_packets_common.jar;C:\ext\ws-core-4.0.2\lib\globus_wsrf_mds_aggregator.jar;C:\ext\ws-core-4.0.2\lib\globus_wsrf_mds_aggregator_stubs.jar;C:\ext\ws-core-4.0.2\lib\globus_wsrf_servicegroup.jar;C:\ext\ws-core-4.0.2\lib\globus_wsrf_servicegroup_stubs.jar;C:\ext\ws-core-4.0.2\lib\globus_wsrf_tools_test.jar;C:\ext\ws-core-4.0.2\lib\gridca.jar;C:\ext\ws-core-4.0.2\lib\grouper.jar;C:\ext\ws-core-4.0.2\lib\hibernate2-2.1.8.jar;C:\ext\ws-core-4.0.2\lib\hibernate3.jar;C:\ext\ws-core-4.0.2\lib\hsqldb-1.7.2.11.jar;C:\ext\ws-core-4.0.2\lib\jaxrpc.jar;C:\ext\ws-core-4.0.2\lib\jce-jdk13-125.jar;C:\ext\ws-core-4.0.2\lib\jdom-1.0.jar;C:\ext\ws-core-4.0.2\lib\jgss.jar;C:\ext\ws-core-4.0.2\lib\jta-1.0.1B.jar;C:\ext\ws-core-4.0.2\lib\jug-1.1.1.jar;C:\ext\ws-core-4.0.2\lib\junit-3.8.1.jar;C:\ext\ws-core-4.0.2\lib\junit.jar;C:\ext\ws-core-4.0.2\lib\log4j-1.2.8.jar;C:\ext\ws-core-4.0.2\lib\mobius_common_client-1.1.jar;C:\ext\ws-core-4.0.2\lib\mobius_common_server-1.1.jar;C:\ext\ws-core-4.0.2\lib\mobius_factories-1.1.jar;C:\ext\ws-core-4.0.2\lib\mobius_gme_client-1.1.jar;C:\ext\ws-core-4.0.2\lib\mobius_mako_client-1.1.jar;C:\ext\ws-core-4.0.2\lib\mobius_tools-1.1.jar;C:\ext\ws-core-4.0.2\lib\mysql-connector-java-3.0.16-ga-bin.jar;C:\ext\ws-core-4.0.2\lib\naming-common.jar;C:\ext\ws-core-4.0.2\lib\naming-factory.jar;C:\ext\ws-core-4.0.2\lib\naming-java.jar;C:\ext\ws-core-4.0.2\lib\naming-resources.jar;C:\ext\ws-core-4.0.2\lib\odmg-3.0.jar;C:\ext\ws-core-4.0.2\lib\ogsadai.jar;C:\ext\ws-core-4.0.2\lib\opensaml.jar;C:\ext\ws-core-4.0.2\lib\puretls.jar;C:\ext\ws-core-4.0.2\lib\resolver.jar;C:\ext\ws-core-4.0.2\lib\saaj.jar;C:\ext\ws-core-4.0.2\lib\servlet.jar;C:\ext\ws-core-4.0.2\lib\spring.jar;C:\ext\ws-core-4.0.2\lib\subject-0.2.1.jar;C:\ext\ws-core-4.0.2\lib\wsdl4j.jar;C:\ext\ws-core-4.0.2\lib\wsrf_common.jar;C:\ext\ws-core-4.0.2\lib\wsrf_core.jar;C:\ext\ws-core-4.0.2\lib\wsrf_core_registry.jar;C:\ext\ws-core-4.0.2\lib\wsrf_core_registry_stubs.jar;C:\ext\ws-core-4.0.2\lib\wsrf_core_samples_authzService.jar;C:\ext\ws-core-4.0.2\lib\wsrf_core_samples_authzService_stubs.jar;C:\ext\ws-core-4.0.2\lib\wsrf_core_samples_counter.jar;C:\ext\ws-core-4.0.2\lib\wsrf_core_samples_counter_stubs.jar;C:\ext\ws-core-4.0.2\lib\wsrf_core_samples_mgmt.jar;C:\ext\ws-core-4.0.2\lib\wsrf_core_samples_mgmt_stubs.jar;C:\ext\ws-core-4.0.2\lib\wsrf_core_stubs.jar;C:\ext\ws-core-4.0.2\lib\wsrf_provider_jce.jar;C:\ext\ws-core-4.0.2\lib\wsrf_test.jar;C:\ext\ws-core-4.0.2\lib\wsrf_test_interop.jar;C:\ext\ws-core-4.0.2\lib\wsrf_test_interop_stubs.jar;C:\ext\ws-core-4.0.2\lib\wsrf_test_unit.jar;C:\ext\ws-core-4.0.2\lib\wsrf_test_unit_stubs.jar;C:\ext\ws-core-4.0.2\lib\wsrf_tools.jar;C:\ext\ws-core-4.0.2\lib\wss4j.jar;C:\ext\ws-core-4.0.2\lib\xalan.jar;C:\ext\ws-core-4.0.2\lib\xercesImpl.jar;C:\ext\ws-core-4.0.2\lib\xml-apis.jar;C:\ext\ws-core-4.0.2\lib\xmlsec.jar;C:\Program Files\Java\jre1.5.0_04\lib\ext\QTJava.zip;C:\apache-ant-1.6.5\lib\junit.jar;C:\apache-ant-1.6.5\lib\ant-launcher.jar;C:\apache-ant-1.6.5\lib\ant.jar;C:\apache-ant-1.6.5\lib\ant-junit.jar"></property>
    <property name="env.TEXDOCVIEW_txt" value="cygstart %s"></property>
    <property name="ant.library.dir" value="c:/apache-ant-1.6.5/lib"></property>
    <property name="os.arch" value="x86"></property>
    <property name="env.SESSIONNAME" value="Console"></property>
    <property name="java.vm.specification.vendor" value="Sun Microsystems Inc."></property>
    <property name="file.separator" value="\"></property>
    <property name="java.runtime.version" value="1.5.0_06-b05"></property>
    <property name="sun.boot.class.path" value="C:\Program Files\Java\jdk1.5.0_06\jre\lib\rt.jar;C:\Program Files\Java\jdk1.5.0_06\jre\lib\i18n.jar;C:\Program Files\Java\jdk1.5.0_06\jre\lib\sunrsasign.jar;C:\Program Files\Java\jdk1.5.0_06\jre\lib\jsse.jar;C:\Program Files\Java\jdk1.5.0_06\jre\lib\jce.jar;C:\Program Files\Java\jdk1.5.0_06\jre\lib\charsets.jar;C:\Program Files\Java\jdk1.5.0_06\jre\classes"></property>
    <property name="env.TEXDOCVIEW_ps" value="cygstart %s"></property>
    <property name="env.TEMP" value="c:\DOCUME~1\langella\LOCALS~1\Temp"></property>
    <property name="env.ANT_HOME" value="c:/apache-ant-1.6.5"></property>
    <property name="user.country" value="US"></property>
    <property name="etc.dir" value="etc"></property>
    <property name="env.CLIENTNAME" value="Console"></property>
    <property name="service.jar.name" value="GridGrouper-service.jar"></property>
    <property name="service.name" value="GridGrouper"></property>
    <property name="test.resources.dir" value="test/resources"></property>
    <property name="java.vendor" value="Sun Microsystems Inc."></property>
    <property name="tomcat.deploy.dir" value="C:\tomcat/webapps/wsrf/WEB-INF"></property>
    <property name="env.CATALINA_HOME" value="C:\tomcat"></property>
    <property name="java.specification.version" value="1.5"></property>
    <property name="sun.arch.data.model" value="32"></property>
  </properties>
  <testcase classname="gov.nih.nci.cagrid.gridgrouper.service.TestGridGrouper" name="testCreateDestroy" time="3.095"></testcase>
  <system-out><![CDATA[]]></system-out>
  <system-err><![CDATA[]]></system-err>
</testsuite>
